[2025-01-19T11:41:43.539Z] info: docker.yaml was copied to the config folder
[2025-01-19T11:41:43.552Z] info: kubernetes.yaml was copied to the config folder
[2025-01-19T11:41:43.557Z] info: services.yaml was copied to the config folder
[2025-01-19T11:41:43.570Z] info: bookmarks.yaml was copied to the config folder
[2025-01-19T11:41:43.579Z] info: widgets.yaml was copied to the config folder
[2025-01-19T11:42:32.305Z] info: custom.css was copied to the config folder
[2025-01-19T11:42:32.308Z] info: custom.js was copied to the config folder
[2025-01-19T16:31:26.098Z] error: Failed to load static file for page: /en/404 ENOENT: no such file or directory, open '/data/data/com.termux/files/home/homepage/.next/server/pages/en/404.html'
[2025-01-19T16:31:26.194Z] error: Failed to load static file for page: /en/404 ENOENT: no such file or directory, open '/data/data/com.termux/files/home/homepage/.next/server/pages/en/404.html'
[2025-01-19T16:31:26.197Z] error: Failed to load static file for page: /en/404 ENOENT: no such file or directory, open '/data/data/com.termux/files/home/homepage/.next/server/pages/en/404.html'
[2025-01-19T16:31:26.202Z] error: Failed to load static file for page: /en/404 ENOENT: no such file or directory, open '/data/data/com.termux/files/home/homepage/.next/server/pages/en/404.html'
[2025-01-19T16:31:26.206Z] error: Failed to load static file for page: /en/404 ENOENT: no such file or directory, open '/data/data/com.termux/files/home/homepage/.next/server/pages/en/404.html'
[2025-01-19T16:31:26.211Z] error: Failed to load static file for page: /en/404 ENOENT: no such file or directory, open '/data/data/com.termux/files/home/homepage/.next/server/pages/en/404.html'
[2025-01-19T16:31:26.243Z] error: Failed to load static file for page: /en/404 ENOENT: no such file or directory, open '/data/data/com.termux/files/home/homepage/.next/server/pages/en/404.html'
[2025-01-19T16:31:26.274Z] error: Failed to load static file for page: /en/404 ENOENT: no such file or directory, open '/data/data/com.termux/files/home/homepage/.next/server/pages/en/404.html'
[2025-01-19T16:31:26.327Z] error: Failed to load static file for page: /en/404 ENOENT: no such file or directory, open '/data/data/com.termux/files/home/homepage/.next/server/pages/en/404.html'
[2025-01-19T16:31:26.350Z] error: Failed to load static file for page: /en/404 ENOENT: no such file or directory, open '/data/data/com.termux/files/home/homepage/.next/server/pages/en/404.html'
[2025-01-19T16:31:26.367Z] error: Failed to load static file for page: /en/404 ENOENT: no such file or directory, open '/data/data/com.termux/files/home/homepage/.next/server/pages/en/404.html'
[2025-01-19T16:31:26.378Z] error: Failed to load static file for page: /en/404 ENOENT: no such file or directory, open '/data/data/com.termux/files/home/homepage/.next/server/pages/en/404.html'
[2025-01-19T16:31:26.389Z] error: Failed to load static file for page: /en/404 ENOENT: no such file or directory, open '/data/data/com.termux/files/home/homepage/.next/server/pages/en/404.html'
[2025-01-19T16:31:26.400Z] error: Failed to load static file for page: /en/404 ENOENT: no such file or directory, open '/data/data/com.termux/files/home/homepage/.next/server/pages/en/404.html'
[2025-01-19T16:31:26.428Z] error: Failed to load static file for page: /en/404 ENOENT: no such file or directory, open '/data/data/com.termux/files/home/homepage/.next/server/pages/en/404.html'
[2025-01-19T16:31:29.441Z] error: Failed to load static file for page: /en/404 ENOENT: no such file or directory, open '/data/data/com.termux/files/home/homepage/.next/server/pages/en/404.html'
[2025-01-19T16:31:29.445Z] error: Failed to load static file for page: /en/404 ENOENT: no such file or directory, open '/data/data/com.termux/files/home/homepage/.next/server/pages/en/404.html'
[2025-01-19T16:31:29.447Z] error: Failed to load static file for page: /en/404 ENOENT: no such file or directory, open '/data/data/com.termux/files/home/homepage/.next/server/pages/en/404.html'
[2025-01-19T16:31:29.451Z] error: Failed to load static file for page: /en/404 ENOENT: no such file or directory, open '/data/data/com.termux/files/home/homepage/.next/server/pages/en/404.html'
[2025-01-19T16:31:29.453Z] error: Failed to load static file for page: /en/404 ENOENT: no such file or directory, open '/data/data/com.termux/files/home/homepage/.next/server/pages/en/404.html'
[2025-01-19T16:31:29.515Z] error: Failed to load static file for page: /en/404 ENOENT: no such file or directory, open '/data/data/com.termux/files/home/homepage/.next/server/pages/en/404.html'
[2025-01-19T16:31:29.537Z] error: Failed to load static file for page: /en/404 ENOENT: no such file or directory, open '/data/data/com.termux/files/home/homepage/.next/server/pages/en/404.html'
[2025-01-19T16:31:29.541Z] error: Failed to load static file for page: /en/404 ENOENT: no such file or directory, open '/data/data/com.termux/files/home/homepage/.next/server/pages/en/404.html'
[2025-01-19T16:31:29.553Z] error: Failed to load static file for page: /en/404 ENOENT: no such file or directory, open '/data/data/com.termux/files/home/homepage/.next/server/pages/en/404.html'
[2025-01-19T16:31:29.562Z] error: Failed to load static file for page: /en/404 ENOENT: no such file or directory, open '/data/data/com.termux/files/home/homepage/.next/server/pages/en/404.html'
[2025-01-19T16:31:29.572Z] error: Failed to load static file for page: /en/404 ENOENT: no such file or directory, open '/data/data/com.termux/files/home/homepage/.next/server/pages/en/404.html'
[2025-01-19T16:31:29.605Z] error: Failed to load static file for page: /en/404 ENOENT: no such file or directory, open '/data/data/com.termux/files/home/homepage/.next/server/pages/en/404.html'
[2025-01-19T16:31:29.614Z] error: Failed to load static file for page: /en/404 ENOENT: no such file or directory, open '/data/data/com.termux/files/home/homepage/.next/server/pages/en/404.html'
[2025-01-19T16:31:29.625Z] error: Failed to load static file for page: /en/404 ENOENT: no such file or directory, open '/data/data/com.termux/files/home/homepage/.next/server/pages/en/404.html'
[2025-01-19T16:31:29.627Z] error: Failed to load static file for page: /en/404 ENOENT: no such file or directory, open '/data/data/com.termux/files/home/homepage/.next/server/pages/en/404.html'
[2025-01-19T17:15:21.772Z] error: <servicesProxy> YAMLException: expected a single document in the stream, but found more
    at Object.load$1 [as load] (file:///data/data/com.termux/files/home/homepage/node_modules/js-yaml/dist/js-yaml.mjs:2812:9)
    at servicesFromConfig (/data/data/com.termux/files/home/homepage/.next/server/chunks/7765.js:158:68)
    at async getServiceItem (/data/data/com.termux/files/home/homepage/.next/server/chunks/7765.js:782:30)
    at async getServiceWidget (/data/data/com.termux/files/home/homepage/.next/server/chunks/7765.js:809:23)
    at async handler (/data/data/com.termux/files/home/homepage/.next/server/pages/api/services/proxy.js:413:27)
    at async Object.apiResolver (/data/data/com.termux/files/home/homepage/node_modules/next/dist/server/api-utils/node.js:366:9)
    at async NextNodeServer.runApi (/data/data/com.termux/files/home/homepage/node_modules/next/dist/server/next-server.js:481:9)
    at async Object.fn (/data/data/com.termux/files/home/homepage/node_modules/next/dist/server/next-server.js:741:37)
    at async Router.execute (/data/data/com.termux/files/home/homepage/node_modules/next/dist/server/router.js:252:36)
    at async NextNodeServer.run (/data/data/com.termux/files/home/homepage/node_modules/next/dist/server/base-server.js:365:29)
[2025-01-19T17:15:21.859Z] error: Failed to load services.yaml, please check for errors
[2025-01-19T17:15:21.860Z] error: YAMLException: expected a single document in the stream, but found more
[2025-01-19T17:15:21.977Z] error: Failed to load services.yaml, please check for errors
[2025-01-19T17:15:21.978Z] error: YAMLException: expected a single document in the stream, but found more
[2025-01-19T17:15:22.944Z] error: Failed to load services.yaml, please check for errors
[2025-01-19T17:15:22.946Z] error: YAMLException: expected a single document in the stream, but found more
[2025-01-19T17:15:26.763Z] error: Failed to load services.yaml, please check for errors
[2025-01-19T17:15:26.764Z] error: YAMLException: expected a single document in the stream, but found more
[2025-01-19T17:15:28.082Z] error: Failed to load services.yaml, please check for errors
[2025-01-19T17:15:28.083Z] error: YAMLException: expected a single document in the stream, but found more
[2025-01-19T17:16:36.245Z] error: Failed to load services.yaml, please check for errors
[2025-01-19T17:16:36.249Z] error: YAMLException: expected a single document in the stream, but found more
[2025-01-19T17:16:50.495Z] error: Failed to load services.yaml, please check for errors
[2025-01-19T17:16:50.497Z] error: YAMLException: expected a single document in the stream, but found more
[2025-01-19T17:17:10.329Z] error: Failed to load services.yaml, please check for errors
[2025-01-19T17:17:10.329Z] error: YAMLException: expected a single document in the stream, but found more
[2025-01-19T17:17:22.897Z] error: Failed to load services.yaml, please check for errors
[2025-01-19T17:17:22.898Z] error: YAMLException: expected a single document in the stream, but found more
[2025-01-19T17:17:25.763Z] error: Failed to load services.yaml, please check for errors
[2025-01-19T17:17:25.763Z] error: YAMLException: expected a single document in the stream, but found more
[2025-01-19T17:18:02.883Z] error: Failed to load services.yaml, please check for errors
[2025-01-19T17:18:02.887Z] error: YAMLException: expected a single document in the stream, but found more
[2025-01-19T17:18:12.424Z] error: Failed to load services.yaml, please check for errors
[2025-01-19T17:18:12.424Z] error: YAMLException: expected a single document in the stream, but found more
[2025-01-19T17:18:17.663Z] error: Failed to load services.yaml, please check for errors
[2025-01-19T17:18:17.664Z] error: YAMLException: expected a single document in the stream, but found more
[2025-01-19T17:18:26.512Z] error: Failed to load services.yaml, please check for errors
[2025-01-19T17:18:26.512Z] error: YAMLException: expected a single document in the stream, but found more
[2025-01-19T17:18:35.661Z] error: Failed to load services.yaml, please check for errors
[2025-01-19T17:18:35.662Z] error: YAMLException: expected a single document in the stream, but found more
[2025-01-19T17:18:40.223Z] error: Failed to load services.yaml, please check for errors
[2025-01-19T17:18:40.224Z] error: YAMLException: expected a single document in the stream, but found more
[2025-01-19T17:18:43.808Z] error: Failed to load services.yaml, please check for errors
[2025-01-19T17:18:43.808Z] error: YAMLException: expected a single document in the stream, but found more
[2025-01-19T17:18:54.095Z] error: <servicesProxy> YAMLException: expected a single document in the stream, but found more
    at Object.load$1 [as load] (file:///data/data/com.termux/files/home/homepage/node_modules/js-yaml/dist/js-yaml.mjs:2812:9)
    at servicesFromConfig (/data/data/com.termux/files/home/homepage/.next/server/chunks/7765.js:158:68)
    at async getServiceItem (/data/data/com.termux/files/home/homepage/.next/server/chunks/7765.js:782:30)
    at async getServiceWidget (/data/data/com.termux/files/home/homepage/.next/server/chunks/7765.js:809:23)
    at async handler (/data/data/com.termux/files/home/homepage/.next/server/pages/api/services/proxy.js:413:27)
    at async Object.apiResolver (/data/data/com.termux/files/home/homepage/node_modules/next/dist/server/api-utils/node.js:366:9)
    at async NextNodeServer.runApi (/data/data/com.termux/files/home/homepage/node_modules/next/dist/server/next-server.js:481:9)
    at async Object.fn (/data/data/com.termux/files/home/homepage/node_modules/next/dist/server/next-server.js:741:37)
    at async Router.execute (/data/data/com.termux/files/home/homepage/node_modules/next/dist/server/router.js:252:36)
    at async NextNodeServer.run (/data/data/com.termux/files/home/homepage/node_modules/next/dist/server/base-server.js:365:29)
[2025-01-19T17:18:54.107Z] error: Failed to load services.yaml, please check for errors
[2025-01-19T17:18:54.108Z] error: YAMLException: expected a single document in the stream, but found more
[2025-01-19T17:18:56.179Z] error: Failed to load services.yaml, please check for errors
[2025-01-19T17:18:56.180Z] error: YAMLException: expected a single document in the stream, but found more
[2025-01-19T17:20:11.502Z] error: Failed to load static file for page: /en/404 ENOENT: no such file or directory, open '/data/data/com.termux/files/home/homepage/.next/server/pages/en/404.html'
[2025-01-19T17:20:11.527Z] error: Failed to load static file for page: /en/404 ENOENT: no such file or directory, open '/data/data/com.termux/files/home/homepage/.next/server/pages/en/404.html'
[2025-01-19T17:20:11.858Z] error: Failed to load services.yaml, please check for errors
[2025-01-19T17:20:11.859Z] error: YAMLException: expected a single document in the stream, but found more
[2025-01-19T17:20:39.755Z] error: Failed to load static file for page: /en/404 ENOENT: no such file or directory, open '/data/data/com.termux/files/home/homepage/.next/server/pages/en/404.html'
[2025-01-19T17:20:39.791Z] error: Failed to load static file for page: /en/404 ENOENT: no such file or directory, open '/data/data/com.termux/files/home/homepage/.next/server/pages/en/404.html'
[2025-01-19T17:20:40.133Z] error: Failed to load services.yaml, please check for errors
[2025-01-19T17:20:40.134Z] error: YAMLException: expected a single document in the stream, but found more
[2025-01-19T17:22:34.567Z] error: Failed to load static file for page: /en/404 ENOENT: no such file or directory, open '/data/data/com.termux/files/home/homepage/.next/server/pages/en/404.html'
[2025-01-19T17:22:34.593Z] error: Failed to load static file for page: /en/404 ENOENT: no such file or directory, open '/data/data/com.termux/files/home/homepage/.next/server/pages/en/404.html'
[2025-01-19T17:22:35.020Z] error: Failed to load services.yaml, please check for errors
[2025-01-19T17:22:35.022Z] error: YAMLException: expected a single document in the stream, but found more
[2025-01-19T17:22:45.563Z] error: Failed to load services.yaml, please check for errors
[2025-01-19T17:22:45.564Z] error: YAMLException: expected a single document in the stream, but found more
[2025-01-19T17:23:17.629Z] error: Failed to load services.yaml, please check for errors
[2025-01-19T17:23:17.632Z] error: YAMLException: expected a single document in the stream, but found more
[2025-01-19T17:24:03.083Z] error: Failed to load services.yaml, please check for errors
[2025-01-19T17:24:03.083Z] error: YAMLException: expected a single document in the stream, but found more
[2025-01-19T18:35:21.329Z] error: Failed to load services.yaml, please check for errors
[2025-01-19T18:35:21.330Z] error: YAMLException: expected a single document in the stream, but found more
[2025-01-19T19:25:47.158Z] error: Failed to load services.yaml, please check for errors
[2025-01-19T19:25:47.158Z] error: YAMLException: expected a single document in the stream, but found more
[2025-01-19T19:33:34.296Z] error: Failed to load services.yaml, please check for errors
[2025-01-19T19:33:34.301Z] error: YAMLException: expected a single document in the stream, but found more
[2025-01-19T19:51:47.728Z] error: Failed to load services.yaml, please check for errors
[2025-01-19T19:51:47.734Z] error: YAMLException: expected a single document in the stream, but found more
[2025-01-19T19:52:04.091Z] error: Failed to load services.yaml, please check for errors
[2025-01-19T19:52:04.093Z] error: YAMLException: expected a single document in the stream, but found more
[2025-01-19T19:59:12.603Z] error: Failed to load services.yaml, please check for errors
[2025-01-19T19:59:12.604Z] error: YAMLException: expected a single document in the stream, but found more
[2025-01-19T20:00:45.522Z] error: Failed to load services.yaml, please check for errors
[2025-01-19T20:00:45.523Z] error: YAMLException: expected a single document in the stream, but found more
[2025-01-19T20:04:23.890Z] error: Failed to load services.yaml, please check for errors
[2025-01-19T20:04:23.893Z] error: YAMLException: expected a single document in the stream, but found more
[2025-01-19T20:04:36.467Z] error: Failed to load services.yaml, please check for errors
[2025-01-19T20:04:36.472Z] error: YAMLException: expected a single document in the stream, but found more
[2025-01-19T20:04:51.310Z] error: Failed to load services.yaml, please check for errors
[2025-01-19T20:04:51.313Z] error: YAMLException: expected a single document in the stream, but found more
[2025-01-19T20:05:17.523Z] error: Failed to load services.yaml, please check for errors
[2025-01-19T20:05:17.525Z] error: YAMLException: expected a single document in the stream, but found more
[2025-01-19T20:19:14.715Z] error: Failed to load services.yaml, please check for errors
[2025-01-19T20:19:14.720Z] error: YAMLException: expected a single document in the stream, but found more
[2025-01-19T20:19:41.076Z] error: Failed to load services.yaml, please check for errors
[2025-01-19T20:19:41.078Z] error: YAMLException: expected a single document in the stream, but found more
[2025-01-19T20:20:35.702Z] error: Failed to load services.yaml, please check for errors
[2025-01-19T20:20:35.704Z] error: YAMLException: expected a single document in the stream, but found more
[2025-01-19T20:22:23.604Z] error: undefined
[2025-01-19T20:22:23.718Z] error: undefined
[2025-01-20T11:32:18.614Z] error: undefined
[2025-01-20T11:32:18.715Z] error: undefined
[2025-01-20T11:32:18.720Z] error: Failed to load static file for page: /en/500 ENOENT: no such file or directory, open '/data/data/com.termux/files/home/homepage/.next/server/pages/en/500.html'
[2025-01-20T11:32:45.859Z] error: undefined
[2025-01-20T11:32:45.865Z] error: 
Error occurred prerendering page "/en". Read more: https://nextjs.org/docs/messages/prerender-error
TypeError: Invalid URL
    at new URL (node:internal/url:818:25)
    at Item (/data/data/com.termux/files/home/homepage/.next/server/pages/index.js:141:47)
    at Wc (/data/data/com.termux/files/home/homepage/node_modules/react-dom/cjs/react-dom-server.browser.production.min.js:68:44)
    at Zc (/data/data/com.termux/files/home/homepage/node_modules/react-dom/cjs/react-dom-server.browser.production.min.js:70:253)
    at Z (/data/data/com.termux/files/home/homepage/node_modules/react-dom/cjs/react-dom-server.browser.production.min.js:76:89)
    at $c (/data/data/com.termux/files/home/homepage/node_modules/react-dom/cjs/react-dom-server.browser.production.min.js:78:98)
    at bd (/data/data/com.termux/files/home/homepage/node_modules/react-dom/cjs/react-dom-server.browser.production.min.js:77:404)
    at Z (/data/data/com.termux/files/home/homepage/node_modules/react-dom/cjs/react-dom-server.browser.production.min.js:76:217)
    at $c (/data/data/com.termux/files/home/homepage/node_modules/react-dom/cjs/react-dom-server.browser.production.min.js:78:98)
    at Zc (/data/data/com.termux/files/home/homepage/node_modules/react-dom/cjs/react-dom-server.browser.production.min.js:71:145)
[2025-01-20T11:32:50.132Z] error: undefined
[2025-01-20T11:32:50.161Z] error: undefined
[2025-01-20T12:36:18.736Z] error: undefined
[2025-01-20T12:36:18.742Z] error: 
Error occurred prerendering page "/en". Read more: https://nextjs.org/docs/messages/prerender-error
TypeError: Invalid URL
    at new URL (node:internal/url:818:25)
    at Item (/data/data/com.termux/files/home/homepage/.next/server/pages/index.js:141:47)
    at Wc (/data/data/com.termux/files/home/homepage/node_modules/react-dom/cjs/react-dom-server.browser.production.min.js:68:44)
    at Zc (/data/data/com.termux/files/home/homepage/node_modules/react-dom/cjs/react-dom-server.browser.production.min.js:70:253)
    at Z (/data/data/com.termux/files/home/homepage/node_modules/react-dom/cjs/react-dom-server.browser.production.min.js:76:89)
    at $c (/data/data/com.termux/files/home/homepage/node_modules/react-dom/cjs/react-dom-server.browser.production.min.js:78:98)
    at bd (/data/data/com.termux/files/home/homepage/node_modules/react-dom/cjs/react-dom-server.browser.production.min.js:77:404)
    at Z (/data/data/com.termux/files/home/homepage/node_modules/react-dom/cjs/react-dom-server.browser.production.min.js:76:217)
    at $c (/data/data/com.termux/files/home/homepage/node_modules/react-dom/cjs/react-dom-server.browser.production.min.js:78:98)
    at Zc (/data/data/com.termux/files/home/homepage/node_modules/react-dom/cjs/react-dom-server.browser.production.min.js:71:145)
[2025-01-20T12:41:00.488Z] error: undefined
[2025-01-20T12:41:00.523Z] error: undefined
[2025-01-20T12:41:00.525Z] error: Failed to load static file for page: /en/500 ENOENT: no such file or directory, open '/data/data/com.termux/files/home/homepage/.next/server/pages/en/500.html'
